<?xml version="1.0" encoding="UTF-8"?>
<!-- Generated by org.testng.reporters.JUnitXMLReporter -->
<testsuite hostname="LAPTOP-22M8L1EG" ignored="1" name="Test" tests="5" failures="0" timestamp="19 Jun 2017 02:02:51 GMT" time="22.847" errors="0">
  <testcase name="add" time="0.018" classname="testNG.NewTest"/>
  <testcase name="sub" time="0.003" classname="testNG.NewTest"/>
  <testcase name="loginTest" time="6.174" classname="testNG.LoginLogout"/>
  <testcase name="loginTest" time="3.225" classname="testNG.LoginLogout"/>
  <testcase name="loginTest" time="3.177" classname="testNG.LoginLogout"/>
  <testcase name="loginIncorrect" time="0.0" classname="testNG.LoginLogout">
    <ignored/>
  </testcase> <!-- loginIncorrect -->
</testsuite> <!-- Test -->
