<?xml version="1.0" encoding="UTF-8"?>
<!-- Generated by org.testng.reporters.JUnitXMLReporter -->
<testsuite hostname="LAPTOP-22M8L1EG" ignored="1" name="Test1" tests="5" failures="0" timestamp="19 Jun 2017 02:03:13 GMT" time="21.808" errors="0">
  <testcase name="add" time="0.001" classname="testNG.NewTest"/>
  <testcase name="sub" time="0.002" classname="testNG.NewTest"/>
  <testcase name="loginTest" time="4.038" classname="testNG.LoginLogout"/>
  <testcase name="loginTest" time="3.208" classname="testNG.LoginLogout"/>
  <testcase name="loginTest" time="3.036" classname="testNG.LoginLogout"/>
  <testcase name="loginIncorrect" time="0.0" classname="testNG.LoginLogout">
    <ignored/>
  </testcase> <!-- loginIncorrect -->
</testsuite> <!-- Test1 -->
