<?xml version="1.0" encoding="UTF-8"?>
<!-- Generated by org.testng.reporters.JUnitXMLReporter -->
<testsuite hostname="LAPTOP-RO5NS03S" ignored="1" name="Newtours TestNG test" tests="14" failures="1" timestamp="06 May 2017 00:10:15 GMT" time="18.48" errors="0">
  <testcase name="checkRegistrationPage" time="0.006" classname="testNG.TestNGAnnotations"/>
  <testcase name="correctCredencials" time="0.004" classname="testNG.TestNGAnnotations"/>
  <testcase name="correctCredencials" time="0.001" classname="testNG.TestNGAnnotations"/>
  <testcase name="correctCredencials" time="0.002" classname="testNG.TestNGAnnotations"/>
  <testcase name="correctCredencials" time="0.003" classname="testNG.TestNGAnnotations"/>
  <testcase name="correctCredencials" time="0.002" classname="testNG.TestNGAnnotations"/>
  <testcase name="correctCredencials" time="0.001" classname="testNG.TestNGAnnotations"/>
  <testcase name="wrongCredencials" time="0.003" classname="testNG.TestNGAnnotations"/>
  <testcase name="loginLogoutTestWtihIncorrectCredencials" time="1.032" classname="testNG.loginLogoutDataDriveTesintUsingTestNG"/>
  <testcase name="loginLogoutTestWtihIncorrectCredencials" time="0.933" classname="testNG.loginLogoutDataDriveTesintUsingTestNG"/>
  <testcase name="loginLogoutTestWtihIncorrectCredencials" time="8.063" classname="testNG.loginLogoutDataDriveTesintUsingTestNG">
    <failure type="java.lang.AssertionError" message="null">
      <![CDATA[java.lang.AssertionError: null
	at testNG.loginLogoutDataDriveTesintUsingTestNG.loginLogoutTestWtihIncorrectCredencials(loginLogoutDataDriveTesintUsingTestNG.java:71)
... Removed 27 stack frames]]>
    </failure>
  </testcase> <!-- loginLogoutTestWtihIncorrectCredencials -->
  <testcase name="loginLogoutTestWtihIncorrectCredencials" time="0.986" classname="testNG.loginLogoutDataDriveTesintUsingTestNG"/>
  <testcase name="loginLogoutTestWtihIncorrectCredencials" time="0.965" classname="testNG.loginLogoutDataDriveTesintUsingTestNG"/>
  <testcase name="loginLogoutTestWtihIncorrectCredencials" time="0.963" classname="testNG.loginLogoutDataDriveTesintUsingTestNG"/>
  <testcase name="loginLogoutTestWtihCorrectCredencials" time="0.0" classname="testNG.loginLogoutDataDriveTesintUsingTestNG">
    <ignored/>
  </testcase> <!-- loginLogoutTestWtihCorrectCredencials -->
</testsuite> <!-- Newtours TestNG test -->
